<?xml version="1.0" encoding="UTF-8"?>
<testsuite xmlns:xsi="http://www.w3.org/2001/XMLSchema-instance" xsi:noNamespaceSchemaLocation="https://maven.apache.org/surefire/maven-surefire-plugin/xsd/surefire-test-report.xsd" name="IndexTest.ParticularTests.CityPageContentsTest" time="296.279" tests="31" errors="2" skipped="0" failures="1">
  <properties>
    <property name="java.specification.version" value="17"/>
    <property name="sun.jnu.encoding" value="UTF-8"/>
    <property name="java.class.path" value="/Applications/IntelliJ IDEA CE.app/Contents/plugins/maven/lib/maven3/boot/plexus-classworlds.license:/Applications/IntelliJ IDEA CE.app/Contents/plugins/maven/lib/maven3/boot/plexus-classworlds-2.6.0.jar"/>
    <property name="java.vm.vendor" value="Oracle Corporation"/>
    <property name="sun.arch.data.model" value="64"/>
    <property name="java.vendor.url" value="https://java.oracle.com/"/>
    <property name="user.timezone" value="Europe/Moscow"/>
    <property name="maven.conf" value="/Applications/IntelliJ IDEA CE.app/Contents/plugins/maven/lib/maven3/conf"/>
    <property name="java.vm.specification.version" value="17"/>
    <property name="os.name" value="Mac OS X"/>
    <property name="sun.java.launcher" value="SUN_STANDARD"/>
    <property name="user.country" value="RU"/>
    <property name="sun.boot.library.path" value="/Library/Java/JavaVirtualMachines/jdk-17.0.1.jdk/Contents/Home/lib"/>
    <property name="sun.java.command" value="org.codehaus.classworlds.Launcher -Didea.version=2022.1.2 org.apache.maven.plugins:maven-surefire-plugin:2.20:test"/>
    <property name="http.nonProxyHosts" value="local|*.local|169.254/16|*.169.254/16"/>
    <property name="jdk.debug" value="release"/>
    <property name="maven.home" value="/Applications/IntelliJ IDEA CE.app/Contents/plugins/maven/lib/maven3"/>
    <property name="sun.cpu.endian" value="little"/>
    <property name="user.home" value="/Users/vlad.zag"/>
    <property name="user.language" value="en"/>
    <property name="java.specification.vendor" value="Oracle Corporation"/>
    <property name="java.version.date" value="2021-10-19"/>
    <property name="java.home" value="/Library/Java/JavaVirtualMachines/jdk-17.0.1.jdk/Contents/Home"/>
    <property name="file.separator" value="/"/>
    <property name="java.vm.compressedOopsMode" value="Zero based"/>
    <property name="line.separator" value="&#10;"/>
    <property name="java.vm.specification.vendor" value="Oracle Corporation"/>
    <property name="java.specification.name" value="Java Platform API Specification"/>
    <property name="sun.management.compiler" value="HotSpot 64-Bit Tiered Compilers"/>
    <property name="ftp.nonProxyHosts" value="local|*.local|169.254/16|*.169.254/16"/>
    <property name="java.runtime.version" value="17.0.1+12-LTS-39"/>
    <property name="user.name" value="vlad.zag"/>
    <property name="path.separator" value=":"/>
    <property name="os.version" value="12.5"/>
    <property name="java.runtime.name" value="Java(TM) SE Runtime Environment"/>
    <property name="file.encoding" value="UTF-8"/>
    <property name="guice.disable.misplaced.annotation.check" value="true"/>
    <property name="java.vm.name" value="Java HotSpot(TM) 64-Bit Server VM"/>
    <property name="maven.ext.class.path" value="/Applications/IntelliJ IDEA CE.app/Contents/plugins/maven/lib/maven-event-listener.jar"/>
    <property name="java.vendor.url.bug" value="https://bugreport.java.com/bugreport/"/>
    <property name="java.io.tmpdir" value="/var/folders/vm/mz3yts9n3rj8_vzzk3g01gt40000gn/T/"/>
    <property name="idea.version" value="2022.1.2"/>
    <property name="java.version" value="17.0.1"/>
    <property name="user.dir" value="/Users/vlad.zag/IdeaProjects/pproject"/>
    <property name="os.arch" value="x86_64"/>
    <property name="maven.multiModuleProjectDirectory" value="/Users/vlad.zag/IdeaProjects/pproject"/>
    <property name="java.vm.specification.name" value="Java Virtual Machine Specification"/>
    <property name="native.encoding" value="UTF-8"/>
    <property name="java.library.path" value="/Users/vlad.zag/Library/Java/Extensions:/Library/Java/Extensions:/Network/Library/Java/Extensions:/System/Library/Java/Extensions:/usr/lib/java:."/>
    <property name="java.vm.info" value="mixed mode, sharing"/>
    <property name="java.vendor" value="Oracle Corporation"/>
    <property name="java.vm.version" value="17.0.1+12-LTS-39"/>
    <property name="classworlds.conf" value="/Applications/IntelliJ IDEA CE.app/Contents/plugins/maven/lib/maven3/bin/m2.conf"/>
    <property name="sun.io.unicode.encoding" value="UnicodeBig"/>
    <property name="socksNonProxyHosts" value="local|*.local|169.254/16|*.169.254/16"/>
    <property name="java.class.version" value="61.0"/>
  </properties>
  <testcase name="superiorPartWeatherApp" classname="IndexTest.ParticularTests.CityPageContentsTest" time="12.041">
    <failure message="https://www.gismeteo.ru/weather-voronezh-5026/tomorrow/ и https://www.gismeteo.ru/weather-voronezh-5026/tomorrow/ неверные ==&gt; expected: &lt;https://www.gismeteo.ru/weather-voronezh-5026/tomorrow&gt; but was: &lt;https://www.gismeteo.ru/weather-voronezh-5026/tomorrow/&gt;" type="org.opentest4j.AssertionFailedError"><![CDATA[org.opentest4j.AssertionFailedError: https://www.gismeteo.ru/weather-voronezh-5026/tomorrow/ и https://www.gismeteo.ru/weather-voronezh-5026/tomorrow/ неверные ==> expected: <https://www.gismeteo.ru/weather-voronezh-5026/tomorrow> but was: <https://www.gismeteo.ru/weather-voronezh-5026/tomorrow/>
	at IndexTest.ParticularTests.CityPageContentsTest.superiorPartWeatherApp(CityPageContentsTest.java:36)
]]></failure>
    <system-err><![CDATA[Starting ChromeDriver 103.0.5060.134 (8ec6fce403b3feb0869b0732eda8bd95011d333c-refs/branch-heads/5060@{#1262}) on port 51783
Only local connections are allowed.
Please see https://chromedriver.chromium.org/security-considerations for suggestions on keeping ChromeDriver safe.
ChromeDriver was started successfully.
Aug 23, 2022 3:43:36 PM org.openqa.selenium.remote.ProtocolHandshake createSession
INFO: Detected upstream dialect: W3C
Aug 23, 2022 3:43:36 PM org.openqa.selenium.devtools.CdpVersionFinder findNearestMatch
INFO: Found exact CDP implementation for version 103
]]></system-err>
  </testcase>
  <testcase name="checkForChildrenPulsationTab" classname="IndexTest.ParticularTests.CityPageContentsTest" time="6.871"/>
  <testcase name="verifyVoronezhWeatherDairy" classname="IndexTest.ParticularTests.CityPageContentsTest" time="5.988"/>
  <testcase name="verifyVoronezhWeatherMonth" classname="IndexTest.ParticularTests.CityPageContentsTest" time="6.573"/>
  <testcase name="verifyVoronezhWeatherRadar" classname="IndexTest.ParticularTests.CityPageContentsTest" time="7.637"/>
  <testcase name="verifyVoronezhWeatherToday" classname="IndexTest.ParticularTests.CityPageContentsTest" time="8.822"/>
  <testcase name="checkForChildrenPartnersNewsTab" classname="IndexTest.ParticularTests.CityPageContentsTest" time="6.071"/>
  <testcase name="verifyVoronezhWeatherTomorrow" classname="IndexTest.ParticularTests.CityPageContentsTest" time="25.903">
    <error message="no such element: Unable to locate element: {&quot;method&quot;:&quot;css selector&quot;,&quot;selector&quot;:&quot;hbody &gt; header &gt; div.header-subnav &gt; div.header-container.wrap &gt; div &gt; div.subnav &gt; div &gt; a:nth-child(3)&quot;}&#10;  (Session info: chrome=103.0.5060.134)&#10;For documentation on this error, please visit: https://selenium.dev/exceptions/#no_such_element&#10;Build info: version: &apos;4.3.0&apos;, revision: &apos;a4995e2c09*&apos;&#10;System info: host: &apos;Vladislavs-Air&apos;, ip: &apos;fe80:0:0:0:1c7e:14f8:3c2:5d4c%en0&apos;, os.name: &apos;Mac OS X&apos;, os.arch: &apos;x86_64&apos;, os.version: &apos;12.5&apos;, java.version: &apos;17.0.1&apos;&#10;Driver info: org.openqa.selenium.chrome.ChromeDriver&#10;Command: [b8a3a5f1802181fb22e39fc0d0f8ea52, findElement {using=css selector, value=hbody &gt; header &gt; div.header-subnav &gt; div.header-container.wrap &gt; div &gt; div.subnav &gt; div &gt; a:nth-child(3)}]&#10;Capabilities {acceptInsecureCerts: false, browserName: chrome, browserVersion: 103.0.5060.134, chrome: {chromedriverVersion: 103.0.5060.134 (8ec6fce403b..., userDataDir: /var/folders/vm/mz3yts9n3rj...}, goog:chromeOptions: {debuggerAddress: localhost:53547}, networkConnectionEnabled: false, pageLoadStrategy: normal, platformName: MAC, proxy: Proxy(), se:cdp: ws://localhost:53547/devtoo..., se:cdpVersion: 103.0.5060.134, setWindowRect: true, strictFileInteractability: false, timeouts: {implicit: 0, pageLoad: 300000, script: 30000}, unhandledPromptBehavior: dismiss and notify, webauthn:extension:credBlob: true, webauthn:extension:largeBlob: true, webauthn:virtualAuthenticators: true}&#10;Session ID: b8a3a5f1802181fb22e39fc0d0f8ea52" type="org.openqa.selenium.NoSuchElementException">org.openqa.selenium.NoSuchElementException: 
no such element: Unable to locate element: {"method":"css selector","selector":"hbody > header > div.header-subnav > div.header-container.wrap > div > div.subnav > div > a:nth-child(3)"}
  (Session info: chrome=103.0.5060.134)
For documentation on this error, please visit: https://selenium.dev/exceptions/#no_such_element
Build info: version: '4.3.0', revision: 'a4995e2c09*'
System info: host: 'Vladislavs-Air', ip: 'fe80:0:0:0:1c7e:14f8:3c2:5d4c%en0', os.name: 'Mac OS X', os.arch: 'x86_64', os.version: '12.5', java.version: '17.0.1'
Driver info: org.openqa.selenium.chrome.ChromeDriver
Command: [b8a3a5f1802181fb22e39fc0d0f8ea52, findElement {using=css selector, value=hbody > header > div.header-subnav > div.header-container.wrap > div > div.subnav > div > a:nth-child(3)}]
Capabilities {acceptInsecureCerts: false, browserName: chrome, browserVersion: 103.0.5060.134, chrome: {chromedriverVersion: 103.0.5060.134 (8ec6fce403b..., userDataDir: /var/folders/vm/mz3yts9n3rj...}, goog:chromeOptions: {debuggerAddress: localhost:53547}, networkConnectionEnabled: false, pageLoadStrategy: normal, platformName: MAC, proxy: Proxy(), se:cdp: ws://localhost:53547/devtoo..., se:cdpVersion: 103.0.5060.134, setWindowRect: true, strictFileInteractability: false, timeouts: {implicit: 0, pageLoad: 300000, script: 30000}, unhandledPromptBehavior: dismiss and notify, webauthn:extension:credBlob: true, webauthn:extension:largeBlob: true, webauthn:virtualAuthenticators: true}
Session ID: b8a3a5f1802181fb22e39fc0d0f8ea52
	at IndexTest.ParticularTests.CityPageContentsTest.verifyVoronezhWeatherTomorrow(CityPageContentsTest.java:278)
</error>
    <system-err><![CDATA[Starting ChromeDriver 103.0.5060.134 (8ec6fce403b3feb0869b0732eda8bd95011d333c-refs/branch-heads/5060@{#1262}) on port 51744
Only local connections are allowed.
Please see https://chromedriver.chromium.org/security-considerations for suggestions on keeping ChromeDriver safe.
ChromeDriver was started successfully.
Aug 23, 2022 3:44:30 PM org.openqa.selenium.remote.ProtocolHandshake createSession
INFO: Detected upstream dialect: W3C
Aug 23, 2022 3:44:30 PM org.openqa.selenium.devtools.CdpVersionFinder findNearestMatch
INFO: Found exact CDP implementation for version 103
]]></system-err>
  </testcase>
  <testcase name="clickSunAndMoonYesterday" classname="IndexTest.ParticularTests.CityPageContentsTest" time="11.876"/>
  <testcase name="gismeteoNews" classname="IndexTest.ParticularTests.CityPageContentsTest" time="8.661"/>
  <testcase name="verifyVoronezhWeatherTenDays" classname="IndexTest.ParticularTests.CityPageContentsTest" time="8.212"/>
  <testcase name="testPageContentsTest" classname="IndexTest.ParticularTests.CityPageContentsTest" time="6.608"/>
  <testcase name="clickHumidityTomorrow" classname="IndexTest.ParticularTests.CityPageContentsTest" time="9.374"/>
  <testcase name="verifyVoronezhWeatherWeekly" classname="IndexTest.ParticularTests.CityPageContentsTest" time="7.851"/>
  <testcase name="clickWindSpeedYesterday" classname="IndexTest.ParticularTests.CityPageContentsTest" time="11.873"/>
  <testcase name="clickSunAndMoonTomorrow" classname="IndexTest.ParticularTests.CityPageContentsTest" time="7.893"/>
  <testcase name="clickGeomagneticYesterday" classname="IndexTest.ParticularTests.CityPageContentsTest" time="12.04"/>
  <testcase name="clickHumidityYesterday" classname="IndexTest.ParticularTests.CityPageContentsTest" time="11.622"/>
  <testcase name="checkForRealTimeChildrenTab" classname="IndexTest.ParticularTests.CityPageContentsTest" time="6.509"/>
  <testcase name="clickWindspeedTomorrow" classname="IndexTest.ParticularTests.CityPageContentsTest" time="8.291"/>
  <testcase name="checkForChildrenCityAnnouncementsRussiaTab" classname="IndexTest.ParticularTests.CityPageContentsTest" time="6.208"/>
  <testcase name="clickBarometricTomorrow" classname="IndexTest.ParticularTests.CityPageContentsTest" time="8.421"/>
  <testcase name="verifyVoronezhWeatherTwoWeeks" classname="IndexTest.ParticularTests.CityPageContentsTest" time="8.541"/>
  <testcase name="verifyVoronezhWeatherNow" classname="IndexTest.ParticularTests.CityPageContentsTest" time="7.684"/>
  <testcase name="verifyVoronezhWeatherWeekend" classname="IndexTest.ParticularTests.CityPageContentsTest" time="7.987"/>
  <testcase name="clickBarometricYesterday" classname="IndexTest.ParticularTests.CityPageContentsTest" time="11.114"/>
  <testcase name="clearSearchHistory" classname="IndexTest.ParticularTests.CityPageContentsTest" time="25.273">
    <error message="no such element: Unable to locate element: {&quot;method&quot;:&quot;css selector&quot;,&quot;selector&quot;:&quot;body &gt; section &gt; div.content-column.column1 &gt; section:nth-child(1) &gt; div.widget.nearestams &gt; div.meteostations &gt; a:nth-child(1) &gt; div.meteostation-title &gt; span&quot;}&#10;  (Session info: chrome=103.0.5060.134)&#10;For documentation on this error, please visit: https://selenium.dev/exceptions/#no_such_element&#10;Build info: version: &apos;4.3.0&apos;, revision: &apos;a4995e2c09*&apos;&#10;System info: host: &apos;Vladislavs-Air&apos;, ip: &apos;fe80:0:0:0:1c7e:14f8:3c2:5d4c%en0&apos;, os.name: &apos;Mac OS X&apos;, os.arch: &apos;x86_64&apos;, os.version: &apos;12.5&apos;, java.version: &apos;17.0.1&apos;&#10;Driver info: org.openqa.selenium.chrome.ChromeDriver&#10;Command: [a3a51158a8ec69ea23edb502165852c9, findElement {using=css selector, value=body &gt; section &gt; div.content-column.column1 &gt; section:nth-child(1) &gt; div.widget.nearestams &gt; div.meteostations &gt; a:nth-child(1) &gt; div.meteostation-title &gt; span}]&#10;Capabilities {acceptInsecureCerts: false, browserName: chrome, browserVersion: 103.0.5060.134, chrome: {chromedriverVersion: 103.0.5060.134 (8ec6fce403b..., userDataDir: /var/folders/vm/mz3yts9n3rj...}, goog:chromeOptions: {debuggerAddress: localhost:55578}, networkConnectionEnabled: false, pageLoadStrategy: normal, platformName: MAC, proxy: Proxy(), se:cdp: ws://localhost:55578/devtoo..., se:cdpVersion: 103.0.5060.134, setWindowRect: true, strictFileInteractability: false, timeouts: {implicit: 0, pageLoad: 300000, script: 30000}, unhandledPromptBehavior: dismiss and notify, webauthn:extension:credBlob: true, webauthn:extension:largeBlob: true, webauthn:virtualAuthenticators: true}&#10;Session ID: a3a51158a8ec69ea23edb502165852c9" type="org.openqa.selenium.NoSuchElementException">org.openqa.selenium.NoSuchElementException: 
no such element: Unable to locate element: {"method":"css selector","selector":"body > section > div.content-column.column1 > section:nth-child(1) > div.widget.nearestams > div.meteostations > a:nth-child(1) > div.meteostation-title > span"}
  (Session info: chrome=103.0.5060.134)
For documentation on this error, please visit: https://selenium.dev/exceptions/#no_such_element
Build info: version: '4.3.0', revision: 'a4995e2c09*'
System info: host: 'Vladislavs-Air', ip: 'fe80:0:0:0:1c7e:14f8:3c2:5d4c%en0', os.name: 'Mac OS X', os.arch: 'x86_64', os.version: '12.5', java.version: '17.0.1'
Driver info: org.openqa.selenium.chrome.ChromeDriver
Command: [a3a51158a8ec69ea23edb502165852c9, findElement {using=css selector, value=body > section > div.content-column.column1 > section:nth-child(1) > div.widget.nearestams > div.meteostations > a:nth-child(1) > div.meteostation-title > span}]
Capabilities {acceptInsecureCerts: false, browserName: chrome, browserVersion: 103.0.5060.134, chrome: {chromedriverVersion: 103.0.5060.134 (8ec6fce403b..., userDataDir: /var/folders/vm/mz3yts9n3rj...}, goog:chromeOptions: {debuggerAddress: localhost:55578}, networkConnectionEnabled: false, pageLoadStrategy: normal, platformName: MAC, proxy: Proxy(), se:cdp: ws://localhost:55578/devtoo..., se:cdpVersion: 103.0.5060.134, setWindowRect: true, strictFileInteractability: false, timeouts: {implicit: 0, pageLoad: 300000, script: 30000}, unhandledPromptBehavior: dismiss and notify, webauthn:extension:credBlob: true, webauthn:extension:largeBlob: true, webauthn:virtualAuthenticators: true}
Session ID: a3a51158a8ec69ea23edb502165852c9
	at IndexTest.ParticularTests.CityPageContentsTest.clearSearchHistory(CityPageContentsTest.java:233)
</error>
    <system-err><![CDATA[Starting ChromeDriver 103.0.5060.134 (8ec6fce403b3feb0869b0732eda8bd95011d333c-refs/branch-heads/5060@{#1262}) on port 63409
Only local connections are allowed.
Please see https://chromedriver.chromium.org/security-considerations for suggestions on keeping ChromeDriver safe.
ChromeDriver was started successfully.
Aug 23, 2022 3:47:37 PM org.openqa.selenium.remote.ProtocolHandshake createSession
INFO: Detected upstream dialect: W3C
Aug 23, 2022 3:47:37 PM org.openqa.selenium.devtools.CdpVersionFinder findNearestMatch
INFO: Found exact CDP implementation for version 103
]]></system-err>
  </testcase>
  <testcase name="verifyVoronezhWeatherGeoMagnetic" classname="IndexTest.ParticularTests.CityPageContentsTest" time="7.615"/>
  <testcase name="verifyVoronezhWeatherThreeDays" classname="IndexTest.ParticularTests.CityPageContentsTest" time="7.895"/>
  <testcase name="clickGeomagneticTomorrow" classname="IndexTest.ParticularTests.CityPageContentsTest" time="8.979"/>
  <testcase name="checkForChildrenDailyNewsTab" classname="IndexTest.ParticularTests.CityPageContentsTest" time="5.825"/>
</testsuite>