<?xml version="1.0" encoding="UTF-8"?>
<testsuite xmlns:xsi="http://www.w3.org/2001/XMLSchema-instance" xsi:noNamespaceSchemaLocation="https://maven.apache.org/surefire/maven-surefire-plugin/xsd/surefire-test-report.xsd" name="IndexTest.ParticularTests.TestPageContents" time="423.789" tests="31" errors="2" skipped="0" failures="1">
  <properties>
    <property name="java.specification.version" value="17"/>
    <property name="sun.jnu.encoding" value="UTF-8"/>
    <property name="java.class.path" value="/Applications/IntelliJ IDEA CE.app/Contents/plugins/maven/lib/maven3/boot/plexus-classworlds.license:/Applications/IntelliJ IDEA CE.app/Contents/plugins/maven/lib/maven3/boot/plexus-classworlds-2.6.0.jar"/>
    <property name="java.vm.vendor" value="Oracle Corporation"/>
    <property name="sun.arch.data.model" value="64"/>
    <property name="java.vendor.url" value="https://java.oracle.com/"/>
    <property name="user.timezone" value="Europe/Moscow"/>
    <property name="maven.conf" value="/Applications/IntelliJ IDEA CE.app/Contents/plugins/maven/lib/maven3/conf"/>
    <property name="java.vm.specification.version" value="17"/>
    <property name="os.name" value="Mac OS X"/>
    <property name="sun.java.launcher" value="SUN_STANDARD"/>
    <property name="user.country" value="RU"/>
    <property name="sun.boot.library.path" value="/Library/Java/JavaVirtualMachines/jdk-17.0.1.jdk/Contents/Home/lib"/>
    <property name="sun.java.command" value="org.codehaus.classworlds.Launcher -Didea.version=2022.1.2 clean validate compile test"/>
    <property name="http.nonProxyHosts" value="local|*.local|169.254/16|*.169.254/16"/>
    <property name="jdk.debug" value="release"/>
    <property name="maven.home" value="/Applications/IntelliJ IDEA CE.app/Contents/plugins/maven/lib/maven3"/>
    <property name="sun.cpu.endian" value="little"/>
    <property name="user.home" value="/Users/vlad.zag"/>
    <property name="user.language" value="en"/>
    <property name="java.specification.vendor" value="Oracle Corporation"/>
    <property name="java.version.date" value="2021-10-19"/>
    <property name="java.home" value="/Library/Java/JavaVirtualMachines/jdk-17.0.1.jdk/Contents/Home"/>
    <property name="file.separator" value="/"/>
    <property name="java.vm.compressedOopsMode" value="Zero based"/>
    <property name="line.separator" value="&#10;"/>
    <property name="java.vm.specification.vendor" value="Oracle Corporation"/>
    <property name="java.specification.name" value="Java Platform API Specification"/>
    <property name="sun.management.compiler" value="HotSpot 64-Bit Tiered Compilers"/>
    <property name="ftp.nonProxyHosts" value="local|*.local|169.254/16|*.169.254/16"/>
    <property name="java.runtime.version" value="17.0.1+12-LTS-39"/>
    <property name="user.name" value="vlad.zag"/>
    <property name="path.separator" value=":"/>
    <property name="os.version" value="12.5"/>
    <property name="java.runtime.name" value="Java(TM) SE Runtime Environment"/>
    <property name="file.encoding" value="UTF-8"/>
    <property name="guice.disable.misplaced.annotation.check" value="true"/>
    <property name="java.vm.name" value="Java HotSpot(TM) 64-Bit Server VM"/>
    <property name="maven.ext.class.path" value="/Applications/IntelliJ IDEA CE.app/Contents/plugins/maven/lib/maven-event-listener.jar"/>
    <property name="java.vendor.url.bug" value="https://bugreport.java.com/bugreport/"/>
    <property name="java.io.tmpdir" value="/var/folders/vm/mz3yts9n3rj8_vzzk3g01gt40000gn/T/"/>
    <property name="idea.version" value="2022.1.2"/>
    <property name="java.version" value="17.0.1"/>
    <property name="user.dir" value="/Users/vlad.zag/IdeaProjects/pproject"/>
    <property name="os.arch" value="x86_64"/>
    <property name="maven.multiModuleProjectDirectory" value="/Users/vlad.zag/IdeaProjects/pproject"/>
    <property name="java.vm.specification.name" value="Java Virtual Machine Specification"/>
    <property name="native.encoding" value="UTF-8"/>
    <property name="java.library.path" value="/Users/vlad.zag/Library/Java/Extensions:/Library/Java/Extensions:/Network/Library/Java/Extensions:/System/Library/Java/Extensions:/usr/lib/java:."/>
    <property name="java.vm.info" value="mixed mode, sharing"/>
    <property name="java.vendor" value="Oracle Corporation"/>
    <property name="java.vm.version" value="17.0.1+12-LTS-39"/>
    <property name="classworlds.conf" value="/Applications/IntelliJ IDEA CE.app/Contents/plugins/maven/lib/maven3/bin/m2.conf"/>
    <property name="sun.io.unicode.encoding" value="UnicodeBig"/>
    <property name="socksNonProxyHosts" value="local|*.local|169.254/16|*.169.254/16"/>
    <property name="java.class.version" value="61.0"/>
  </properties>
  <testcase name="superiorPartWeatherApp" classname="IndexTest.ParticularTests.TestPageContents" time="17.621">
    <failure message="https://www.gismeteo.ru/weather-voronezh-5026/now/ и https://www.gismeteo.ru/weather-voronezh-5026/now/ неверные ==&gt; expected: &lt;https://www.gismeteo.ru/weather-voronezh-5026/now&gt; but was: &lt;https://www.gismeteo.ru/weather-voronezh-5026/now/&gt;" type="org.opentest4j.AssertionFailedError"><![CDATA[org.opentest4j.AssertionFailedError: https://www.gismeteo.ru/weather-voronezh-5026/now/ и https://www.gismeteo.ru/weather-voronezh-5026/now/ неверные ==> expected: <https://www.gismeteo.ru/weather-voronezh-5026/now> but was: <https://www.gismeteo.ru/weather-voronezh-5026/now/>
	at IndexTest.ParticularTests.TestPageContents.superiorPartWeatherApp(TestPageContents.java:35)
]]></failure>
    <system-err><![CDATA[SLF4J: Failed to load class "org.slf4j.impl.StaticLoggerBinder".
SLF4J: Defaulting to no-operation (NOP) logger implementation
SLF4J: See http://www.slf4j.org/codes.html#StaticLoggerBinder for further details.
Starting ChromeDriver 103.0.5060.134 (8ec6fce403b3feb0869b0732eda8bd95011d333c-refs/branch-heads/5060@{#1262}) on port 59007
Only local connections are allowed.
Please see https://chromedriver.chromium.org/security-considerations for suggestions on keeping ChromeDriver safe.
ChromeDriver was started successfully.
Aug 16, 2022 7:52:54 PM org.openqa.selenium.remote.ProtocolHandshake createSession
INFO: Detected upstream dialect: W3C
Aug 16, 2022 7:52:54 PM org.openqa.selenium.devtools.CdpVersionFinder findNearestMatch
INFO: Found exact CDP implementation for version 103
]]></system-err>
  </testcase>
  <testcase name="checkForChildrenPulsationTab" classname="IndexTest.ParticularTests.TestPageContents" time="9.026"/>
  <testcase name="verifyVoronezhWeatherDairy" classname="IndexTest.ParticularTests.TestPageContents" time="10.575"/>
  <testcase name="verifyVoronezhWeatherMonth" classname="IndexTest.ParticularTests.TestPageContents" time="11.596"/>
  <testcase name="verifyVoronezhWeatherRadar" classname="IndexTest.ParticularTests.TestPageContents" time="11.216"/>
  <testcase name="verifyVoronezhWeatherToday" classname="IndexTest.ParticularTests.TestPageContents" time="14.874"/>
  <testcase name="checkForChildrenPartnersNewsTab" classname="IndexTest.ParticularTests.TestPageContents" time="8.539"/>
  <testcase name="verifyVoronezhWeatherTomorrow" classname="IndexTest.ParticularTests.TestPageContents" time="28.159">
    <error message="no such element: Unable to locate element: {&quot;method&quot;:&quot;css selector&quot;,&quot;selector&quot;:&quot;hbody &gt; header &gt; div.header-subnav &gt; div.header-container.wrap &gt; div &gt; div.subnav &gt; div &gt; a:nth-child(3)&quot;}&#10;  (Session info: chrome=103.0.5060.134)&#10;For documentation on this error, please visit: https://selenium.dev/exceptions/#no_such_element&#10;Build info: version: &apos;4.3.0&apos;, revision: &apos;a4995e2c09*&apos;&#10;System info: host: &apos;Vladislavs-Air&apos;, ip: &apos;fe80:0:0:0:1c7e:14f8:3c2:5d4c%en0&apos;, os.name: &apos;Mac OS X&apos;, os.arch: &apos;x86_64&apos;, os.version: &apos;12.5&apos;, java.version: &apos;17.0.1&apos;&#10;Driver info: org.openqa.selenium.chrome.ChromeDriver&#10;Command: [1ec97e914698b7a3c39bb5feabd3012c, findElement {using=css selector, value=hbody &gt; header &gt; div.header-subnav &gt; div.header-container.wrap &gt; div &gt; div.subnav &gt; div &gt; a:nth-child(3)}]&#10;Capabilities {acceptInsecureCerts: false, browserName: chrome, browserVersion: 103.0.5060.134, chrome: {chromedriverVersion: 103.0.5060.134 (8ec6fce403b..., userDataDir: /var/folders/vm/mz3yts9n3rj...}, goog:chromeOptions: {debuggerAddress: localhost:62134}, networkConnectionEnabled: false, pageLoadStrategy: normal, platformName: MAC, proxy: Proxy(), se:cdp: ws://localhost:62134/devtoo..., se:cdpVersion: 103.0.5060.134, setWindowRect: true, strictFileInteractability: false, timeouts: {implicit: 0, pageLoad: 300000, script: 30000}, unhandledPromptBehavior: dismiss and notify, webauthn:extension:credBlob: true, webauthn:extension:largeBlob: true, webauthn:virtualAuthenticators: true}&#10;Session ID: 1ec97e914698b7a3c39bb5feabd3012c" type="org.openqa.selenium.NoSuchElementException">org.openqa.selenium.NoSuchElementException: 
no such element: Unable to locate element: {"method":"css selector","selector":"hbody > header > div.header-subnav > div.header-container.wrap > div > div.subnav > div > a:nth-child(3)"}
  (Session info: chrome=103.0.5060.134)
For documentation on this error, please visit: https://selenium.dev/exceptions/#no_such_element
Build info: version: '4.3.0', revision: 'a4995e2c09*'
System info: host: 'Vladislavs-Air', ip: 'fe80:0:0:0:1c7e:14f8:3c2:5d4c%en0', os.name: 'Mac OS X', os.arch: 'x86_64', os.version: '12.5', java.version: '17.0.1'
Driver info: org.openqa.selenium.chrome.ChromeDriver
Command: [1ec97e914698b7a3c39bb5feabd3012c, findElement {using=css selector, value=hbody > header > div.header-subnav > div.header-container.wrap > div > div.subnav > div > a:nth-child(3)}]
Capabilities {acceptInsecureCerts: false, browserName: chrome, browserVersion: 103.0.5060.134, chrome: {chromedriverVersion: 103.0.5060.134 (8ec6fce403b..., userDataDir: /var/folders/vm/mz3yts9n3rj...}, goog:chromeOptions: {debuggerAddress: localhost:62134}, networkConnectionEnabled: false, pageLoadStrategy: normal, platformName: MAC, proxy: Proxy(), se:cdp: ws://localhost:62134/devtoo..., se:cdpVersion: 103.0.5060.134, setWindowRect: true, strictFileInteractability: false, timeouts: {implicit: 0, pageLoad: 300000, script: 30000}, unhandledPromptBehavior: dismiss and notify, webauthn:extension:credBlob: true, webauthn:extension:largeBlob: true, webauthn:virtualAuthenticators: true}
Session ID: 1ec97e914698b7a3c39bb5feabd3012c
	at IndexTest.ParticularTests.TestPageContents.verifyVoronezhWeatherTomorrow(TestPageContents.java:284)
</error>
    <system-err><![CDATA[Starting ChromeDriver 103.0.5060.134 (8ec6fce403b3feb0869b0732eda8bd95011d333c-refs/branch-heads/5060@{#1262}) on port 61135
Only local connections are allowed.
Please see https://chromedriver.chromium.org/security-considerations for suggestions on keeping ChromeDriver safe.
ChromeDriver was started successfully.
Aug 16, 2022 7:54:12 PM org.openqa.selenium.remote.ProtocolHandshake createSession
INFO: Detected upstream dialect: W3C
Aug 16, 2022 7:54:12 PM org.openqa.selenium.devtools.CdpVersionFinder findNearestMatch
INFO: Found exact CDP implementation for version 103
]]></system-err>
  </testcase>
  <testcase name="clickSunAndMoonYesterday" classname="IndexTest.ParticularTests.TestPageContents" time="17.205"/>
  <testcase name="gismeteoNews" classname="IndexTest.ParticularTests.TestPageContents" time="12.573"/>
  <testcase name="verifyVoronezhWeatherTenDays" classname="IndexTest.ParticularTests.TestPageContents" time="12.051"/>
  <testcase name="testPageContentsTest" classname="IndexTest.ParticularTests.TestPageContents" time="9.892"/>
  <testcase name="clickHumidityTomorrow" classname="IndexTest.ParticularTests.TestPageContents" time="13.679"/>
  <testcase name="verifyVoronezhWeatherWeekly" classname="IndexTest.ParticularTests.TestPageContents" time="10.838"/>
  <testcase name="clickWindSpeedYesterday" classname="IndexTest.ParticularTests.TestPageContents" time="24.725"/>
  <testcase name="clickSunAndMoonTomorrow" classname="IndexTest.ParticularTests.TestPageContents" time="13.124"/>
  <testcase name="clickGeomagneticYesterday" classname="IndexTest.ParticularTests.TestPageContents" time="14.848"/>
  <testcase name="clickHumidityYesterday" classname="IndexTest.ParticularTests.TestPageContents" time="14.831"/>
  <testcase name="checkForRealTimeChildrenTab" classname="IndexTest.ParticularTests.TestPageContents" time="8.471"/>
  <testcase name="clickWindspeedTomorrow" classname="IndexTest.ParticularTests.TestPageContents" time="12.161"/>
  <testcase name="checkForChildrenCityAnnouncementsRussiaTab" classname="IndexTest.ParticularTests.TestPageContents" time="8.675"/>
  <testcase name="clickBarometricTomorrow" classname="IndexTest.ParticularTests.TestPageContents" time="12.826"/>
  <testcase name="verifyVoronezhWeatherTwoWeeks" classname="IndexTest.ParticularTests.TestPageContents" time="10.686"/>
  <testcase name="verifyVoronezhWeatherNow" classname="IndexTest.ParticularTests.TestPageContents" time="10.655"/>
  <testcase name="verifyVoronezhWeatherWeekend" classname="IndexTest.ParticularTests.TestPageContents" time="11.859"/>
  <testcase name="clickBarometricYesterday" classname="IndexTest.ParticularTests.TestPageContents" time="14.777"/>
  <testcase name="clearSearchHistory" classname="IndexTest.ParticularTests.TestPageContents" time="27.882">
    <error message="no such element: Unable to locate element: {&quot;method&quot;:&quot;css selector&quot;,&quot;selector&quot;:&quot;body &gt; section &gt; div.content-column.column1 &gt; section:nth-child(1) &gt; div.widget.nearestams &gt; div.meteostations &gt; a:nth-child(1) &gt; div.meteostation-title &gt; span&quot;}&#10;  (Session info: chrome=103.0.5060.134)&#10;For documentation on this error, please visit: https://selenium.dev/exceptions/#no_such_element&#10;Build info: version: &apos;4.3.0&apos;, revision: &apos;a4995e2c09*&apos;&#10;System info: host: &apos;Vladislavs-Air&apos;, ip: &apos;fe80:0:0:0:1c7e:14f8:3c2:5d4c%en0&apos;, os.name: &apos;Mac OS X&apos;, os.arch: &apos;x86_64&apos;, os.version: &apos;12.5&apos;, java.version: &apos;17.0.1&apos;&#10;Driver info: org.openqa.selenium.chrome.ChromeDriver&#10;Command: [248d90841ce2f1b924b5ab263d00630a, findElement {using=css selector, value=body &gt; section &gt; div.content-column.column1 &gt; section:nth-child(1) &gt; div.widget.nearestams &gt; div.meteostations &gt; a:nth-child(1) &gt; div.meteostation-title &gt; span}]&#10;Capabilities {acceptInsecureCerts: false, browserName: chrome, browserVersion: 103.0.5060.134, chrome: {chromedriverVersion: 103.0.5060.134 (8ec6fce403b..., userDataDir: /var/folders/vm/mz3yts9n3rj...}, goog:chromeOptions: {debuggerAddress: localhost:63405}, networkConnectionEnabled: false, pageLoadStrategy: normal, platformName: MAC, proxy: Proxy(), se:cdp: ws://localhost:63405/devtoo..., se:cdpVersion: 103.0.5060.134, setWindowRect: true, strictFileInteractability: false, timeouts: {implicit: 0, pageLoad: 300000, script: 30000}, unhandledPromptBehavior: dismiss and notify, webauthn:extension:credBlob: true, webauthn:extension:largeBlob: true, webauthn:virtualAuthenticators: true}&#10;Session ID: 248d90841ce2f1b924b5ab263d00630a" type="org.openqa.selenium.NoSuchElementException">org.openqa.selenium.NoSuchElementException: 
no such element: Unable to locate element: {"method":"css selector","selector":"body > section > div.content-column.column1 > section:nth-child(1) > div.widget.nearestams > div.meteostations > a:nth-child(1) > div.meteostation-title > span"}
  (Session info: chrome=103.0.5060.134)
For documentation on this error, please visit: https://selenium.dev/exceptions/#no_such_element
Build info: version: '4.3.0', revision: 'a4995e2c09*'
System info: host: 'Vladislavs-Air', ip: 'fe80:0:0:0:1c7e:14f8:3c2:5d4c%en0', os.name: 'Mac OS X', os.arch: 'x86_64', os.version: '12.5', java.version: '17.0.1'
Driver info: org.openqa.selenium.chrome.ChromeDriver
Command: [248d90841ce2f1b924b5ab263d00630a, findElement {using=css selector, value=body > section > div.content-column.column1 > section:nth-child(1) > div.widget.nearestams > div.meteostations > a:nth-child(1) > div.meteostation-title > span}]
Capabilities {acceptInsecureCerts: false, browserName: chrome, browserVersion: 103.0.5060.134, chrome: {chromedriverVersion: 103.0.5060.134 (8ec6fce403b..., userDataDir: /var/folders/vm/mz3yts9n3rj...}, goog:chromeOptions: {debuggerAddress: localhost:63405}, networkConnectionEnabled: false, pageLoadStrategy: normal, platformName: MAC, proxy: Proxy(), se:cdp: ws://localhost:63405/devtoo..., se:cdpVersion: 103.0.5060.134, setWindowRect: true, strictFileInteractability: false, timeouts: {implicit: 0, pageLoad: 300000, script: 30000}, unhandledPromptBehavior: dismiss and notify, webauthn:extension:credBlob: true, webauthn:extension:largeBlob: true, webauthn:virtualAuthenticators: true}
Session ID: 248d90841ce2f1b924b5ab263d00630a
	at IndexTest.ParticularTests.TestPageContents.clearSearchHistory(TestPageContents.java:239)
</error>
    <system-err><![CDATA[Starting ChromeDriver 103.0.5060.134 (8ec6fce403b3feb0869b0732eda8bd95011d333c-refs/branch-heads/5060@{#1262}) on port 56651
Only local connections are allowed.
Please see https://chromedriver.chromium.org/security-considerations for suggestions on keeping ChromeDriver safe.
ChromeDriver was started successfully.
Aug 16, 2022 7:58:34 PM org.openqa.selenium.remote.ProtocolHandshake createSession
INFO: Detected upstream dialect: W3C
Aug 16, 2022 7:58:34 PM org.openqa.selenium.devtools.CdpVersionFinder findNearestMatch
INFO: Found exact CDP implementation for version 103
]]></system-err>
  </testcase>
  <testcase name="verifyVoronezhWeatherGeoMagnetic" classname="IndexTest.ParticularTests.TestPageContents" time="13.302"/>
  <testcase name="verifyVoronezhWeatherThreeDays" classname="IndexTest.ParticularTests.TestPageContents" time="12.266"/>
  <testcase name="clickGeomagneticTomorrow" classname="IndexTest.ParticularTests.TestPageContents" time="14.742"/>
  <testcase name="checkForChildrenDailyNewsTab" classname="IndexTest.ParticularTests.TestPageContents" time="9.827"/>
</testsuite>